{"level":"info","message":"[mb:2525] mountebank v2.9.2 now taking orders - point your browser to http://localhost:2525/ for help","timestamp":"2026-01-23T13:19:56.648Z"}
{"level":"info","message":"[mb:2525] GET /images/book.jpg","timestamp":"2026-01-23T13:19:59.935Z"}
{"level":"info","message":"[mb:2525] GET /images/book.jpg","timestamp":"2026-01-23T13:20:02.915Z"}
{"level":"info","message":"[mb:2525] GET /images/book.jpg","timestamp":"2026-01-23T13:25:08.485Z"}
{"level":"info","message":"[mb:2525] GET /images/book.jpg","timestamp":"2026-01-23T13:25:12.661Z"}
{"level":"info","message":"[mb:2525] POST /imposters","timestamp":"2026-01-23T13:29:28.168Z"}
{"level":"info","message":"[http:5000 Imposter] Open for business...","timestamp":"2026-01-23T13:29:28.174Z"}
{"level":"info","message":"[mb:2525] GET /images/book.jpg","timestamp":"2026-01-23T13:29:32.399Z"}
{"level":"info","message":"[mb:2525] GET /imposters/5000","timestamp":"2026-01-23T13:29:37.135Z"}
{"level":"info","message":"[mb:2525] GET /imposters/5000/a","timestamp":"2026-01-23T13:29:44.445Z"}
{"level":"info","message":"[mb:2525] GET /imposters/5000/teste","timestamp":"2026-01-23T13:29:48.180Z"}
{"level":"info","message":"[mb:2525] GET /imposters/5000/test","timestamp":"2026-01-23T13:29:50.451Z"}
{"level":"info","message":"[mb:2525] GET /imposters/5000","timestamp":"2026-01-23T13:29:53.636Z"}
{"level":"info","message":"[http:5000 Imposter] ::ffff:127.0.0.1:59011 => GET /test","timestamp":"2026-01-23T13:30:21.494Z"}
{"level":"info","message":"[http:5000 Imposter] no predicate match, using default response","timestamp":"2026-01-23T13:30:21.495Z"}
{"level":"info","message":"[http:5000 Imposter] ::ffff:127.0.0.1:59012 => GET /tese","timestamp":"2026-01-23T13:30:25.062Z"}
{"level":"info","message":"[http:5000 Imposter] no predicate match, using default response","timestamp":"2026-01-23T13:30:25.063Z"}
{"level":"info","message":"[http:5000 Imposter] ::ffff:127.0.0.1:59013 => GET /tese","timestamp":"2026-01-23T13:30:26.124Z"}
{"level":"info","message":"[http:5000 Imposter] no predicate match, using default response","timestamp":"2026-01-23T13:30:26.125Z"}
{"level":"info","message":"[mb:2525] DELETE /iposters/5000","timestamp":"2026-01-23T13:31:36.308Z"}
{"level":"info","message":"[mb:2525] DELETE /iposters/5000","timestamp":"2026-01-23T13:31:37.651Z"}
{"level":"info","message":"[mb:2525] DELETE /imposters/5000","timestamp":"2026-01-23T13:31:42.067Z"}
{"level":"info","message":"[http:5000 Imposter] Ciao for now","timestamp":"2026-01-23T13:31:42.068Z"}
{"level":"info","message":"[mb:2525] POST /imposters","timestamp":"2026-01-23T13:32:25.842Z"}
{"level":"info","message":"[http:5000 Imposter] Open for business...","timestamp":"2026-01-23T13:32:25.843Z"}
{"level":"info","message":"[http:5000 Imposter] ::ffff:127.0.0.1:47590 => GET /tese","timestamp":"2026-01-23T13:32:29.258Z"}
{"level":"info","message":"[http:5000 Imposter] no predicate match, using default response","timestamp":"2026-01-23T13:32:29.259Z"}
{"level":"info","message":"[http:5000 Imposter] ::ffff:127.0.0.1:47591 => GET /tese","timestamp":"2026-01-23T13:32:30.021Z"}
{"level":"info","message":"[http:5000 Imposter] no predicate match, using default response","timestamp":"2026-01-23T13:32:30.022Z"}
{"level":"info","message":"[mb:2525] DELETE /imposters/5000","timestamp":"2026-01-23T13:32:32.435Z"}
{"level":"info","message":"[http:5000 Imposter] Ciao for now","timestamp":"2026-01-23T13:32:32.436Z"}
